===2018-10-10 09:45:40.827 WARN  com.netflix.config.sources.URLConfigurationSource Line:121 - No URLs will be polled as dynamic configuration sources.
===2018-10-10 09:45:41.187 WARN  com.netflix.config.sources.URLConfigurationSource Line:121 - No URLs will be polled as dynamic configuration sources.
===2018-10-10 09:48:29.460 WARN  org.springframework.boot.autoconfigure.web.reactive.error.DefaultErrorWebExceptionHandler Line:212 - Failed to handle request [GET http://localhost:9000/swagger-resources/configuration/ui]: Response status 404
===2018-10-10 09:48:29.477 WARN  org.springframework.boot.autoconfigure.web.reactive.error.DefaultErrorWebExceptionHandler Line:212 - Failed to handle request [GET http://localhost:9000/swagger-resources/configuration/security]: Response status 404
===2018-10-10 09:48:29.487 WARN  org.springframework.boot.autoconfigure.web.reactive.error.DefaultErrorWebExceptionHandler Line:212 - Failed to handle request [GET http://localhost:9000/swagger-resources]: Response status 404
===2018-10-10 10:23:54.926 WARN  com.netflix.config.sources.URLConfigurationSource Line:121 - No URLs will be polled as dynamic configuration sources.
===2018-10-10 10:24:08.075 WARN  com.netflix.config.sources.URLConfigurationSource Line:121 - No URLs will be polled as dynamic configuration sources.
===2018-10-10 10:24:08.352 WARN  com.netflix.config.sources.URLConfigurationSource Line:121 - No URLs will be polled as dynamic configuration sources.
===2018-10-10 10:24:44.526 WARN  org.springframework.boot.autoconfigure.web.reactive.error.DefaultErrorWebExceptionHandler Line:212 - Failed to handle request [GET http://localhost:9000/]: Response status 404
===2018-10-10 10:24:48.583 WARN  org.springframework.boot.autoconfigure.web.reactive.error.DefaultErrorWebExceptionHandler Line:212 - Failed to handle request [GET http://localhost:9000/]: Response status 404
===2018-10-10 10:24:48.623 WARN  org.springframework.boot.autoconfigure.web.reactive.error.DefaultErrorWebExceptionHandler Line:212 - Failed to handle request [GET http://localhost:9000/csrf]: Response status 404
===2018-10-10 10:26:03.121 WARN  org.springframework.boot.autoconfigure.web.reactive.error.DefaultErrorWebExceptionHandler Line:212 - Failed to handle request [GET http://localhost:9000/]: Response status 404
===2018-10-10 10:26:03.140 WARN  org.springframework.boot.autoconfigure.web.reactive.error.DefaultErrorWebExceptionHandler Line:212 - Failed to handle request [GET http://localhost:9000/csrf]: Response status 404
===2018-10-10 10:26:09.124 WARN  org.springframework.boot.autoconfigure.web.reactive.error.DefaultErrorWebExceptionHandler Line:212 - Failed to handle request [GET http://localhost:9000/]: Response status 404
===2018-10-10 10:26:09.123 WARN  org.springframework.boot.autoconfigure.web.reactive.error.DefaultErrorWebExceptionHandler Line:212 - Failed to handle request [GET http://localhost:9000/csrf]: Response status 404
===2018-10-10 10:26:10.273 WARN  org.springframework.boot.autoconfigure.web.reactive.error.DefaultErrorWebExceptionHandler Line:212 - Failed to handle request [GET http://localhost:9000/csrf]: Response status 404
===2018-10-10 10:26:10.275 WARN  org.springframework.boot.autoconfigure.web.reactive.error.DefaultErrorWebExceptionHandler Line:212 - Failed to handle request [GET http://localhost:9000/]: Response status 404
===2018-10-10 10:26:19.218 WARN  org.springframework.boot.autoconfigure.web.reactive.error.DefaultErrorWebExceptionHandler Line:212 - Failed to handle request [GET http://localhost:9000/csrf]: Response status 404
===2018-10-10 10:26:19.219 WARN  org.springframework.boot.autoconfigure.web.reactive.error.DefaultErrorWebExceptionHandler Line:212 - Failed to handle request [GET http://localhost:9000/]: Response status 404
===2018-10-10 10:35:07.374 WARN  com.netflix.config.sources.URLConfigurationSource Line:121 - No URLs will be polled as dynamic configuration sources.
===2018-10-10 10:35:33.964 WARN  com.netflix.config.sources.URLConfigurationSource Line:121 - No URLs will be polled as dynamic configuration sources.
===2018-10-10 10:35:34.249 WARN  com.netflix.config.sources.URLConfigurationSource Line:121 - No URLs will be polled as dynamic configuration sources.
===2018-10-10 10:35:42.803 WARN  org.springframework.boot.autoconfigure.web.reactive.error.DefaultErrorWebExceptionHandler Line:212 - Failed to handle request [GET http://localhost:9000/]: Response status 404
===2018-10-10 10:35:42.817 WARN  org.springframework.boot.autoconfigure.web.reactive.error.DefaultErrorWebExceptionHandler Line:212 - Failed to handle request [GET http://localhost:9000/csrf]: Response status 404
===2018-10-10 10:35:50.885 WARN  org.springframework.boot.autoconfigure.web.reactive.error.DefaultErrorWebExceptionHandler Line:212 - Failed to handle request [GET http://localhost:9000/member/region/index]: Response status 404
===2018-10-10 10:37:21.438 WARN  org.springframework.boot.autoconfigure.web.reactive.error.DefaultErrorWebExceptionHandler Line:212 - Failed to handle request [GET http://localhost:9000/api/sales-member/member/region/index]: Response status 404
===2018-10-10 10:37:21.462 WARN  org.springframework.boot.autoconfigure.web.reactive.error.DefaultErrorWebExceptionHandler Line:212 - Failed to handle request [GET http://localhost:9000/favicon.ico]: Response status 404
===2018-10-10 10:37:32.832 WARN  org.springframework.boot.autoconfigure.web.reactive.error.DefaultErrorWebExceptionHandler Line:212 - Failed to handle request [GET http://localhost:9000/api/sales-member-consumer/member/region/index]: Response status 404
===2018-10-10 10:37:32.852 WARN  org.springframework.boot.autoconfigure.web.reactive.error.DefaultErrorWebExceptionHandler Line:212 - Failed to handle request [GET http://localhost:9000/favicon.ico]: Response status 404
===2018-10-10 10:39:20.952 WARN  com.netflix.config.sources.URLConfigurationSource Line:121 - No URLs will be polled as dynamic configuration sources.
===2018-10-10 10:39:34.309 WARN  com.netflix.config.sources.URLConfigurationSource Line:121 - No URLs will be polled as dynamic configuration sources.
===2018-10-10 10:39:34.592 WARN  com.netflix.config.sources.URLConfigurationSource Line:121 - No URLs will be polled as dynamic configuration sources.
===2018-10-10 10:39:41.400 WARN  org.springframework.boot.autoconfigure.web.reactive.error.DefaultErrorWebExceptionHandler Line:212 - Failed to handle request [GET http://localhost:9000/]: Response status 404
===2018-10-10 10:39:41.413 WARN  org.springframework.boot.autoconfigure.web.reactive.error.DefaultErrorWebExceptionHandler Line:212 - Failed to handle request [GET http://localhost:9000/csrf]: Response status 404
===2018-10-10 10:39:59.832 WARN  com.netflix.config.sources.URLConfigurationSource Line:121 - No URLs will be polled as dynamic configuration sources.
===2018-10-10 10:40:27.088 WARN  com.netflix.config.sources.URLConfigurationSource Line:121 - No URLs will be polled as dynamic configuration sources.
===2018-10-10 10:40:27.448 WARN  com.netflix.config.sources.URLConfigurationSource Line:121 - No URLs will be polled as dynamic configuration sources.
===2018-10-10 10:40:34.164 WARN  org.springframework.boot.autoconfigure.web.reactive.error.DefaultErrorWebExceptionHandler Line:212 - Failed to handle request [GET http://localhost:9000/]: Response status 404
===2018-10-10 10:40:34.178 WARN  org.springframework.boot.autoconfigure.web.reactive.error.DefaultErrorWebExceptionHandler Line:212 - Failed to handle request [GET http://localhost:9000/csrf]: Response status 404
===2018-10-10 10:40:38.946 WARN  org.springframework.boot.autoconfigure.web.reactive.error.DefaultErrorWebExceptionHandler Line:212 - Failed to handle request [GET http://localhost:9000/csrf]: Response status 404
===2018-10-10 10:40:38.947 WARN  org.springframework.boot.autoconfigure.web.reactive.error.DefaultErrorWebExceptionHandler Line:212 - Failed to handle request [GET http://localhost:9000/]: Response status 404
===2018-10-10 10:40:42.180 WARN  org.springframework.boot.autoconfigure.web.reactive.error.DefaultErrorWebExceptionHandler Line:212 - Failed to handle request [GET http://localhost:9000/csrf]: Response status 404
===2018-10-10 10:40:42.181 WARN  org.springframework.boot.autoconfigure.web.reactive.error.DefaultErrorWebExceptionHandler Line:212 - Failed to handle request [GET http://localhost:9000/]: Response status 404
===2018-10-10 10:40:46.181 WARN  com.netflix.config.sources.URLConfigurationSource Line:121 - No URLs will be polled as dynamic configuration sources.
===2018-10-10 10:41:02.069 WARN  com.netflix.config.sources.URLConfigurationSource Line:121 - No URLs will be polled as dynamic configuration sources.
===2018-10-10 10:41:02.352 WARN  com.netflix.config.sources.URLConfigurationSource Line:121 - No URLs will be polled as dynamic configuration sources.
===2018-10-10 10:41:13.170 WARN  org.springframework.boot.autoconfigure.web.reactive.error.DefaultErrorWebExceptionHandler Line:212 - Failed to handle request [GET http://localhost:9000/]: Response status 404
===2018-10-10 10:41:13.170 WARN  org.springframework.boot.autoconfigure.web.reactive.error.DefaultErrorWebExceptionHandler Line:212 - Failed to handle request [GET http://localhost:9000/csrf]: Response status 404
===2018-10-10 10:41:28.676 WARN  org.springframework.boot.autoconfigure.web.reactive.error.DefaultErrorWebExceptionHandler Line:212 - Failed to handle request [GET http://localhost:9000/member/region/index]: Response status 404
===2018-10-10 10:44:11.946 WARN  com.netflix.config.sources.URLConfigurationSource Line:121 - No URLs will be polled as dynamic configuration sources.
===2018-10-10 10:44:41.180 WARN  com.netflix.config.sources.URLConfigurationSource Line:121 - No URLs will be polled as dynamic configuration sources.
===2018-10-10 10:44:41.460 WARN  com.netflix.config.sources.URLConfigurationSource Line:121 - No URLs will be polled as dynamic configuration sources.
===2018-10-10 10:44:48.490 WARN  org.springframework.boot.autoconfigure.web.reactive.error.DefaultErrorWebExceptionHandler Line:212 - Failed to handle request [GET http://localhost:9000/]: Response status 404
===2018-10-10 10:44:48.504 WARN  org.springframework.boot.autoconfigure.web.reactive.error.DefaultErrorWebExceptionHandler Line:212 - Failed to handle request [GET http://localhost:9000/csrf]: Response status 404
===2018-10-10 10:45:10.395 WARN  com.netflix.config.sources.URLConfigurationSource Line:121 - No URLs will be polled as dynamic configuration sources.
===2018-10-10 10:45:17.535 WARN  com.netflix.config.sources.URLConfigurationSource Line:121 - No URLs will be polled as dynamic configuration sources.
===2018-10-10 10:45:17.823 WARN  com.netflix.config.sources.URLConfigurationSource Line:121 - No URLs will be polled as dynamic configuration sources.
===2018-10-10 10:45:24.953 WARN  org.springframework.boot.autoconfigure.web.reactive.error.DefaultErrorWebExceptionHandler Line:212 - Failed to handle request [GET http://localhost:9000/]: Response status 404
===2018-10-10 10:45:24.966 WARN  org.springframework.boot.autoconfigure.web.reactive.error.DefaultErrorWebExceptionHandler Line:212 - Failed to handle request [GET http://localhost:9000/csrf]: Response status 404
===2018-10-10 10:45:30.753 WARN  org.springframework.boot.autoconfigure.web.reactive.error.DefaultErrorWebExceptionHandler Line:212 - Failed to handle request [GET http://localhost:9000/csrf]: Response status 404
===2018-10-10 10:45:30.753 WARN  org.springframework.boot.autoconfigure.web.reactive.error.DefaultErrorWebExceptionHandler Line:212 - Failed to handle request [GET http://localhost:9000/]: Response status 404
===2018-10-10 10:45:41.732 WARN  com.netflix.config.sources.URLConfigurationSource Line:121 - No URLs will be polled as dynamic configuration sources.
===2018-10-10 10:46:08.563 WARN  com.netflix.config.sources.URLConfigurationSource Line:121 - No URLs will be polled as dynamic configuration sources.
===2018-10-10 10:46:08.848 WARN  com.netflix.config.sources.URLConfigurationSource Line:121 - No URLs will be polled as dynamic configuration sources.
===2018-10-10 10:46:12.736 WARN  org.springframework.boot.autoconfigure.web.reactive.error.DefaultErrorWebExceptionHandler Line:212 - Failed to handle request [GET http://localhost:9000/]: Response status 404
===2018-10-10 10:46:12.736 WARN  org.springframework.boot.autoconfigure.web.reactive.error.DefaultErrorWebExceptionHandler Line:212 - Failed to handle request [GET http://localhost:9000/csrf]: Response status 404
===2018-10-10 10:46:31.987 WARN  com.netflix.config.sources.URLConfigurationSource Line:121 - No URLs will be polled as dynamic configuration sources.
===2018-10-10 10:46:39.276 WARN  com.netflix.config.sources.URLConfigurationSource Line:121 - No URLs will be polled as dynamic configuration sources.
===2018-10-10 10:46:39.559 WARN  com.netflix.config.sources.URLConfigurationSource Line:121 - No URLs will be polled as dynamic configuration sources.
===2018-10-10 10:46:44.472 WARN  org.springframework.boot.autoconfigure.web.reactive.error.DefaultErrorWebExceptionHandler Line:212 - Failed to handle request [GET http://localhost:9000/csrf]: Response status 404
===2018-10-10 10:46:44.472 WARN  org.springframework.boot.autoconfigure.web.reactive.error.DefaultErrorWebExceptionHandler Line:212 - Failed to handle request [GET http://localhost:9000/]: Response status 404
===2018-10-10 10:46:47.847 WARN  org.springframework.boot.autoconfigure.web.reactive.error.DefaultErrorWebExceptionHandler Line:212 - Failed to handle request [GET http://localhost:9000/]: Response status 404
===2018-10-10 10:46:47.848 WARN  org.springframework.boot.autoconfigure.web.reactive.error.DefaultErrorWebExceptionHandler Line:212 - Failed to handle request [GET http://localhost:9000/csrf]: Response status 404
===2018-10-10 10:46:51.962 WARN  com.netflix.config.sources.URLConfigurationSource Line:121 - No URLs will be polled as dynamic configuration sources.
===2018-10-10 10:58:20.205 WARN  com.netflix.config.sources.URLConfigurationSource Line:121 - No URLs will be polled as dynamic configuration sources.
===2018-10-10 10:58:20.486 WARN  com.netflix.config.sources.URLConfigurationSource Line:121 - No URLs will be polled as dynamic configuration sources.
===2018-10-10 10:58:25.798 WARN  org.springframework.boot.autoconfigure.web.reactive.error.DefaultErrorWebExceptionHandler Line:212 - Failed to handle request [GET http://localhost:9000/]: Response status 404
===2018-10-10 10:58:25.811 WARN  org.springframework.boot.autoconfigure.web.reactive.error.DefaultErrorWebExceptionHandler Line:212 - Failed to handle request [GET http://localhost:9000/csrf]: Response status 404
===2018-10-10 10:59:39.054 WARN  com.netflix.config.sources.URLConfigurationSource Line:121 - No URLs will be polled as dynamic configuration sources.
===2018-10-10 11:00:21.155 WARN  com.netflix.config.sources.URLConfigurationSource Line:121 - No URLs will be polled as dynamic configuration sources.
===2018-10-10 11:00:21.442 WARN  com.netflix.config.sources.URLConfigurationSource Line:121 - No URLs will be polled as dynamic configuration sources.
===2018-10-10 11:01:36.929 WARN  org.springframework.boot.autoconfigure.web.reactive.error.DefaultErrorWebExceptionHandler Line:212 - Failed to handle request [GET http://localhost:9000/csrf]: Response status 404
===2018-10-10 11:01:36.929 WARN  org.springframework.boot.autoconfigure.web.reactive.error.DefaultErrorWebExceptionHandler Line:212 - Failed to handle request [GET http://localhost:9000/]: Response status 404
===2018-10-10 11:02:33.745 WARN  org.springframework.boot.autoconfigure.web.reactive.error.DefaultErrorWebExceptionHandler Line:212 - Failed to handle request [GET http://localhost:9000/]: Response status 404
===2018-10-10 11:02:57.177 WARN  org.springframework.boot.autoconfigure.web.reactive.error.DefaultErrorWebExceptionHandler Line:212 - Failed to handle request [GET http://localhost:9000/csrf]: Response status 404
===2018-10-10 11:08:19.009 WARN  org.springframework.boot.autoconfigure.web.reactive.error.DefaultErrorWebExceptionHandler Line:212 - Failed to handle request [GET http://localhost:9000/]: Response status 404
===2018-10-10 11:08:19.009 WARN  org.springframework.boot.autoconfigure.web.reactive.error.DefaultErrorWebExceptionHandler Line:212 - Failed to handle request [GET http://localhost:9000/csrf]: Response status 404
===2018-10-10 11:08:58.355 WARN  com.netflix.config.sources.URLConfigurationSource Line:121 - No URLs will be polled as dynamic configuration sources.
===2018-10-10 11:09:23.840 WARN  org.springframework.boot.web.reactive.context.AnnotationConfigReactiveWebServerApplicationContext Line:558 - Exception encountered during context initialization - cancelling refresh attempt: org.springframework.context.ApplicationContextException: Unable to start reactive web server; nested exception is org.springframework.beans.factory.BeanCreationException: Error creating bean with name 'httpHandler' defined in class path resource [org/springframework/boot/autoconfigure/web/reactive/HttpHandlerAutoConfiguration$AnnotationConfig.class]: Bean instantiation via factory method failed; nested exception is org.springframework.beans.BeanInstantiationException: Failed to instantiate [org.springframework.http.server.reactive.HttpHandler]: Factory method 'httpHandler' threw exception; nested exception is org.springframework.beans.factory.BeanCreationException: Error creating bean with name 'webHandler' defined in class path resource [org/springframework/boot/autoconfigure/web/reactive/WebFluxAutoConfiguration$EnableWebFluxConfiguration.class]: Initialization of bean failed; nested exception is org.springframework.beans.factory.UnsatisfiedDependencyException: Error creating bean with name 'routePredicateHandlerMapping' defined in class path resource [org/springframework/cloud/gateway/config/GatewayAutoConfiguration.class]: Unsatisfied dependency expressed through method 'routePredicateHandlerMapping' parameter 1; nested exception is org.springframework.beans.factory.BeanCreationException: Error creating bean with name 'cachedCompositeRouteLocator' defined in class path resource [org/springframework/cloud/gateway/config/GatewayAutoConfiguration.class]: Bean instantiation via factory method failed; nested exception is org.springframework.beans.BeanInstantiationException: Failed to instantiate [org.springframework.cloud.gateway.route.RouteLocator]: Factory method 'cachedCompositeRouteLocator' threw exception; nested exception is java.lang.IllegalArgumentException: Unable to find GatewayFilterFactory with name /api/
===2018-10-10 11:09:38.211 WARN  org.springframework.boot.web.reactive.context.AnnotationConfigReactiveWebServerApplicationContext Line:558 - Exception encountered during context initialization - cancelling refresh attempt: org.springframework.context.ApplicationContextException: Unable to start reactive web server; nested exception is org.springframework.beans.factory.BeanCreationException: Error creating bean with name 'httpHandler' defined in class path resource [org/springframework/boot/autoconfigure/web/reactive/HttpHandlerAutoConfiguration$AnnotationConfig.class]: Bean instantiation via factory method failed; nested exception is org.springframework.beans.BeanInstantiationException: Failed to instantiate [org.springframework.http.server.reactive.HttpHandler]: Factory method 'httpHandler' threw exception; nested exception is org.springframework.beans.factory.BeanCreationException: Error creating bean with name 'webHandler' defined in class path resource [org/springframework/boot/autoconfigure/web/reactive/WebFluxAutoConfiguration$EnableWebFluxConfiguration.class]: Initialization of bean failed; nested exception is org.springframework.beans.factory.UnsatisfiedDependencyException: Error creating bean with name 'routePredicateHandlerMapping' defined in class path resource [org/springframework/cloud/gateway/config/GatewayAutoConfiguration.class]: Unsatisfied dependency expressed through method 'routePredicateHandlerMapping' parameter 1; nested exception is org.springframework.beans.factory.BeanCreationException: Error creating bean with name 'cachedCompositeRouteLocator' defined in class path resource [org/springframework/cloud/gateway/config/GatewayAutoConfiguration.class]: Bean instantiation via factory method failed; nested exception is org.springframework.beans.BeanInstantiationException: Failed to instantiate [org.springframework.cloud.gateway.route.RouteLocator]: Factory method 'cachedCompositeRouteLocator' threw exception; nested exception is java.lang.IllegalArgumentException: Unable to find GatewayFilterFactory with name api/
===2018-10-10 11:09:46.708 WARN  org.springframework.boot.web.reactive.context.AnnotationConfigReactiveWebServerApplicationContext Line:558 - Exception encountered during context initialization - cancelling refresh attempt: org.springframework.context.ApplicationContextException: Unable to start reactive web server; nested exception is org.springframework.beans.factory.BeanCreationException: Error creating bean with name 'httpHandler' defined in class path resource [org/springframework/boot/autoconfigure/web/reactive/HttpHandlerAutoConfiguration$AnnotationConfig.class]: Bean instantiation via factory method failed; nested exception is org.springframework.beans.BeanInstantiationException: Failed to instantiate [org.springframework.http.server.reactive.HttpHandler]: Factory method 'httpHandler' threw exception; nested exception is org.springframework.beans.factory.BeanCreationException: Error creating bean with name 'webHandler' defined in class path resource [org/springframework/boot/autoconfigure/web/reactive/WebFluxAutoConfiguration$EnableWebFluxConfiguration.class]: Initialization of bean failed; nested exception is org.springframework.beans.factory.UnsatisfiedDependencyException: Error creating bean with name 'routePredicateHandlerMapping' defined in class path resource [org/springframework/cloud/gateway/config/GatewayAutoConfiguration.class]: Unsatisfied dependency expressed through method 'routePredicateHandlerMapping' parameter 1; nested exception is org.springframework.beans.factory.BeanCreationException: Error creating bean with name 'cachedCompositeRouteLocator' defined in class path resource [org/springframework/cloud/gateway/config/GatewayAutoConfiguration.class]: Bean instantiation via factory method failed; nested exception is org.springframework.beans.BeanInstantiationException: Failed to instantiate [org.springframework.cloud.gateway.route.RouteLocator]: Factory method 'cachedCompositeRouteLocator' threw exception; nested exception is java.lang.IllegalArgumentException: Unable to find GatewayFilterFactory with name api
===2018-10-10 11:14:26.102 WARN  org.springframework.boot.web.reactive.context.AnnotationConfigReactiveWebServerApplicationContext Line:558 - Exception encountered during context initialization - cancelling refresh attempt: org.springframework.context.ApplicationContextException: Unable to start reactive web server; nested exception is org.springframework.beans.factory.BeanCreationException: Error creating bean with name 'httpHandler' defined in class path resource [org/springframework/boot/autoconfigure/web/reactive/HttpHandlerAutoConfiguration$AnnotationConfig.class]: Bean instantiation via factory method failed; nested exception is org.springframework.beans.BeanInstantiationException: Failed to instantiate [org.springframework.http.server.reactive.HttpHandler]: Factory method 'httpHandler' threw exception; nested exception is org.springframework.beans.factory.BeanCreationException: Error creating bean with name 'webHandler' defined in class path resource [org/springframework/boot/autoconfigure/web/reactive/WebFluxAutoConfiguration$EnableWebFluxConfiguration.class]: Initialization of bean failed; nested exception is org.springframework.beans.factory.UnsatisfiedDependencyException: Error creating bean with name 'routePredicateHandlerMapping' defined in class path resource [org/springframework/cloud/gateway/config/GatewayAutoConfiguration.class]: Unsatisfied dependency expressed through method 'routePredicateHandlerMapping' parameter 1; nested exception is org.springframework.beans.factory.BeanCreationException: Error creating bean with name 'cachedCompositeRouteLocator' defined in class path resource [org/springframework/cloud/gateway/config/GatewayAutoConfiguration.class]: Bean instantiation via factory method failed; nested exception is org.springframework.beans.BeanInstantiationException: Failed to instantiate [org.springframework.cloud.gateway.route.RouteLocator]: Factory method 'cachedCompositeRouteLocator' threw exception; nested exception is java.lang.IllegalArgumentException: Unable to find GatewayFilterFactory with name /api
===2018-10-10 11:31:19.442 WARN  com.netflix.config.sources.URLConfigurationSource Line:121 - No URLs will be polled as dynamic configuration sources.
===2018-10-10 11:31:19.787 WARN  com.netflix.config.sources.URLConfigurationSource Line:121 - No URLs will be polled as dynamic configuration sources.
===2018-10-10 11:31:24.932 WARN  org.springframework.boot.autoconfigure.web.reactive.error.DefaultErrorWebExceptionHandler Line:212 - Failed to handle request [GET http://localhost:9000/]: Response status 404
===2018-10-10 11:31:24.961 WARN  org.springframework.boot.autoconfigure.web.reactive.error.DefaultErrorWebExceptionHandler Line:212 - Failed to handle request [GET http://localhost:9000/csrf]: Response status 404
===2018-10-10 11:31:29.743 WARN  org.springframework.boot.autoconfigure.web.reactive.error.DefaultErrorWebExceptionHandler Line:212 - Failed to handle request [GET http://localhost:9000/]: Response status 404
===2018-10-10 11:31:29.754 WARN  org.springframework.boot.autoconfigure.web.reactive.error.DefaultErrorWebExceptionHandler Line:212 - Failed to handle request [GET http://localhost:9000/csrf]: Response status 404
===2018-10-10 11:31:54.504 WARN  com.netflix.config.sources.URLConfigurationSource Line:121 - No URLs will be polled as dynamic configuration sources.
===2018-10-10 11:32:00.646 WARN  com.netflix.config.sources.URLConfigurationSource Line:121 - No URLs will be polled as dynamic configuration sources.
===2018-10-10 11:32:00.952 WARN  com.netflix.config.sources.URLConfigurationSource Line:121 - No URLs will be polled as dynamic configuration sources.
===2018-10-10 11:32:07.007 WARN  org.springframework.boot.autoconfigure.web.reactive.error.DefaultErrorWebExceptionHandler Line:212 - Failed to handle request [GET http://localhost:9000/]: Response status 404
===2018-10-10 11:32:07.007 WARN  org.springframework.boot.autoconfigure.web.reactive.error.DefaultErrorWebExceptionHandler Line:212 - Failed to handle request [GET http://localhost:9000/csrf]: Response status 404
===2018-10-10 11:47:15.555 WARN  org.springframework.boot.autoconfigure.web.reactive.error.DefaultErrorWebExceptionHandler Line:212 - Failed to handle request [GET http://localhost:9000/]: Response status 404
===2018-10-10 11:47:15.556 WARN  org.springframework.boot.autoconfigure.web.reactive.error.DefaultErrorWebExceptionHandler Line:212 - Failed to handle request [GET http://localhost:9000/csrf]: Response status 404
===2018-10-10 11:47:20.052 WARN  org.springframework.boot.autoconfigure.web.reactive.error.DefaultErrorWebExceptionHandler Line:212 - Failed to handle request [GET http://localhost:9000/csrf]: Response status 404
===2018-10-10 11:47:20.053 WARN  org.springframework.boot.autoconfigure.web.reactive.error.DefaultErrorWebExceptionHandler Line:212 - Failed to handle request [GET http://localhost:9000/]: Response status 404
===2018-10-10 12:39:39.272 WARN  com.netflix.config.sources.URLConfigurationSource Line:121 - No URLs will be polled as dynamic configuration sources.
