===2018-10-11 09:36:54.045 WARN  com.netflix.config.sources.URLConfigurationSource Line:121 - No URLs will be polled as dynamic configuration sources.
===2018-10-11 09:36:54.361 WARN  com.netflix.config.sources.URLConfigurationSource Line:121 - No URLs will be polled as dynamic configuration sources.
===2018-10-11 09:37:14.716 WARN  org.springframework.boot.autoconfigure.web.reactive.error.DefaultErrorWebExceptionHandler Line:212 - Failed to handle request [GET http://localhost:9000/]: Response status 404
===2018-10-11 09:37:14.734 WARN  org.springframework.boot.autoconfigure.web.reactive.error.DefaultErrorWebExceptionHandler Line:212 - Failed to handle request [GET http://localhost:9000/csrf]: Response status 404
===2018-10-11 09:38:13.361 WARN  org.springframework.boot.autoconfigure.web.reactive.error.DefaultErrorWebExceptionHandler Line:212 - Failed to handle request [GET http://localhost:9000/]: Response status 404
===2018-10-11 09:38:13.386 WARN  org.springframework.boot.autoconfigure.web.reactive.error.DefaultErrorWebExceptionHandler Line:212 - Failed to handle request [GET http://localhost:9000/csrf]: Response status 404
===2018-10-11 09:38:17.909 WARN  org.springframework.boot.autoconfigure.web.reactive.error.DefaultErrorWebExceptionHandler Line:212 - Failed to handle request [GET http://localhost:9000/]: Response status 404
===2018-10-11 09:38:17.921 WARN  org.springframework.boot.autoconfigure.web.reactive.error.DefaultErrorWebExceptionHandler Line:212 - Failed to handle request [GET http://localhost:9000/csrf]: Response status 404
===2018-10-11 09:38:23.171 WARN  org.springframework.boot.autoconfigure.web.reactive.error.DefaultErrorWebExceptionHandler Line:212 - Failed to handle request [GET http://localhost:9000/]: Response status 404
===2018-10-11 09:38:23.185 WARN  org.springframework.boot.autoconfigure.web.reactive.error.DefaultErrorWebExceptionHandler Line:212 - Failed to handle request [GET http://localhost:9000/csrf]: Response status 404
===2018-10-11 09:38:37.162 WARN  org.springframework.boot.autoconfigure.web.reactive.error.DefaultErrorWebExceptionHandler Line:212 - Failed to handle request [GET http://localhost:9000/]: Response status 404
===2018-10-11 09:38:37.179 WARN  org.springframework.boot.autoconfigure.web.reactive.error.DefaultErrorWebExceptionHandler Line:212 - Failed to handle request [GET http://localhost:9000/csrf]: Response status 404
===2018-10-11 09:56:48.826 WARN  com.netflix.config.sources.URLConfigurationSource Line:121 - No URLs will be polled as dynamic configuration sources.
===2018-10-11 09:56:58.674 WARN  com.netflix.config.sources.URLConfigurationSource Line:121 - No URLs will be polled as dynamic configuration sources.
===2018-10-11 09:56:58.956 WARN  com.netflix.config.sources.URLConfigurationSource Line:121 - No URLs will be polled as dynamic configuration sources.
===2018-10-11 10:00:19.629 WARN  com.netflix.config.sources.URLConfigurationSource Line:121 - No URLs will be polled as dynamic configuration sources.
===2018-10-11 10:00:26.988 WARN  com.netflix.config.sources.URLConfigurationSource Line:121 - No URLs will be polled as dynamic configuration sources.
===2018-10-11 10:00:27.271 WARN  com.netflix.config.sources.URLConfigurationSource Line:121 - No URLs will be polled as dynamic configuration sources.
===2018-10-11 10:00:31.830 WARN  org.springframework.boot.autoconfigure.web.reactive.error.DefaultErrorWebExceptionHandler Line:212 - Failed to handle request [GET http://localhost:9000/]: Response status 404
===2018-10-11 10:00:31.845 WARN  org.springframework.boot.autoconfigure.web.reactive.error.DefaultErrorWebExceptionHandler Line:212 - Failed to handle request [GET http://localhost:9000/csrf]: Response status 404
===2018-10-11 10:00:39.114 WARN  org.springframework.boot.autoconfigure.web.reactive.error.DefaultErrorWebExceptionHandler Line:212 - Failed to handle request [GET http://localhost:9000/]: Response status 404
===2018-10-11 10:00:39.127 WARN  org.springframework.boot.autoconfigure.web.reactive.error.DefaultErrorWebExceptionHandler Line:212 - Failed to handle request [GET http://localhost:9000/csrf]: Response status 404
===2018-10-11 10:30:11.173 WARN  org.springframework.boot.autoconfigure.web.reactive.error.DefaultErrorWebExceptionHandler Line:212 - Failed to handle request [GET http://localhost:9000/]: Response status 404
===2018-10-11 10:30:11.189 WARN  org.springframework.boot.autoconfigure.web.reactive.error.DefaultErrorWebExceptionHandler Line:212 - Failed to handle request [GET http://localhost:9000/csrf]: Response status 404
===2018-10-11 10:30:12.641 WARN  com.netflix.config.sources.URLConfigurationSource Line:121 - No URLs will be polled as dynamic configuration sources.
===2018-10-11 10:30:27.278 WARN  com.netflix.config.sources.URLConfigurationSource Line:121 - No URLs will be polled as dynamic configuration sources.
===2018-10-11 10:30:27.587 WARN  com.netflix.config.sources.URLConfigurationSource Line:121 - No URLs will be polled as dynamic configuration sources.
===2018-10-11 10:31:29.223 WARN  org.springframework.boot.autoconfigure.web.reactive.error.DefaultErrorWebExceptionHandler Line:212 - Failed to handle request [GET http://localhost:9000/]: Response status 404
===2018-10-11 10:31:29.241 WARN  org.springframework.boot.autoconfigure.web.reactive.error.DefaultErrorWebExceptionHandler Line:212 - Failed to handle request [GET http://localhost:9000/csrf]: Response status 404
===2018-10-11 10:31:57.325 WARN  org.springframework.boot.autoconfigure.web.reactive.error.DefaultErrorWebExceptionHandler Line:212 - Failed to handle request [GET http://localhost:9000/]: Response status 404
===2018-10-11 10:31:57.339 WARN  org.springframework.boot.autoconfigure.web.reactive.error.DefaultErrorWebExceptionHandler Line:212 - Failed to handle request [GET http://localhost:9000/csrf]: Response status 404
===2018-10-11 10:32:30.278 WARN  org.springframework.boot.autoconfigure.web.reactive.error.DefaultErrorWebExceptionHandler Line:212 - Failed to handle request [GET http://localhost:9000/]: Response status 404
===2018-10-11 10:32:30.291 WARN  org.springframework.boot.autoconfigure.web.reactive.error.DefaultErrorWebExceptionHandler Line:212 - Failed to handle request [GET http://localhost:9000/csrf]: Response status 404
===2018-10-11 10:34:29.629 WARN  org.springframework.boot.autoconfigure.web.reactive.error.DefaultErrorWebExceptionHandler Line:212 - Failed to handle request [GET http://localhost:9000/]: Response status 404
===2018-10-11 10:34:29.641 WARN  org.springframework.boot.autoconfigure.web.reactive.error.DefaultErrorWebExceptionHandler Line:212 - Failed to handle request [GET http://localhost:9000/csrf]: Response status 404
===2018-10-11 10:35:12.311 WARN  com.netflix.config.sources.URLConfigurationSource Line:121 - No URLs will be polled as dynamic configuration sources.
===2018-10-11 10:35:45.786 WARN  com.netflix.config.sources.URLConfigurationSource Line:121 - No URLs will be polled as dynamic configuration sources.
===2018-10-11 10:35:46.077 WARN  com.netflix.config.sources.URLConfigurationSource Line:121 - No URLs will be polled as dynamic configuration sources.
===2018-10-11 10:36:01.842 WARN  org.springframework.boot.autoconfigure.web.reactive.error.DefaultErrorWebExceptionHandler Line:212 - Failed to handle request [GET http://localhost:9000/]: Response status 404
===2018-10-11 10:36:01.842 WARN  org.springframework.boot.autoconfigure.web.reactive.error.DefaultErrorWebExceptionHandler Line:212 - Failed to handle request [GET http://localhost:9000/api/sales-member/v2/api-docs]: Response status 404
===2018-10-11 10:36:01.860 WARN  org.springframework.boot.autoconfigure.web.reactive.error.DefaultErrorWebExceptionHandler Line:212 - Failed to handle request [GET http://localhost:9000/csrf]: Response status 404
===2018-10-11 10:36:24.146 WARN  org.springframework.boot.autoconfigure.web.reactive.error.DefaultErrorWebExceptionHandler Line:212 - Failed to handle request [GET http://localhost:9000/]: Response status 404
===2018-10-11 10:36:24.148 WARN  org.springframework.boot.autoconfigure.web.reactive.error.DefaultErrorWebExceptionHandler Line:212 - Failed to handle request [GET http://localhost:9000/api/sales-member/v2/api-docs]: Response status 404
===2018-10-11 10:36:24.160 WARN  org.springframework.boot.autoconfigure.web.reactive.error.DefaultErrorWebExceptionHandler Line:212 - Failed to handle request [GET http://localhost:9000/csrf]: Response status 404
===2018-10-11 10:37:20.758 WARN  com.netflix.config.sources.URLConfigurationSource Line:121 - No URLs will be polled as dynamic configuration sources.
===2018-10-11 10:37:28.922 WARN  com.netflix.config.sources.URLConfigurationSource Line:121 - No URLs will be polled as dynamic configuration sources.
===2018-10-11 10:37:29.236 WARN  com.netflix.config.sources.URLConfigurationSource Line:121 - No URLs will be polled as dynamic configuration sources.
===2018-10-11 10:46:54.625 WARN  org.springframework.boot.autoconfigure.web.reactive.error.DefaultErrorWebExceptionHandler Line:212 - Failed to handle request [GET http://localhost:9000/]: Response status 404
===2018-10-11 10:46:54.641 WARN  org.springframework.boot.autoconfigure.web.reactive.error.DefaultErrorWebExceptionHandler Line:212 - Failed to handle request [GET http://localhost:9000/csrf]: Response status 404
===2018-10-11 10:47:05.861 WARN  com.netflix.config.sources.URLConfigurationSource Line:121 - No URLs will be polled as dynamic configuration sources.
===2018-10-11 10:47:13.791 WARN  com.netflix.config.sources.URLConfigurationSource Line:121 - No URLs will be polled as dynamic configuration sources.
===2018-10-11 10:47:14.126 WARN  com.netflix.config.sources.URLConfigurationSource Line:121 - No URLs will be polled as dynamic configuration sources.
===2018-10-11 10:48:11.930 WARN  org.springframework.boot.autoconfigure.web.reactive.error.DefaultErrorWebExceptionHandler Line:212 - Failed to handle request [GET http://localhost:9000/]: Response status 404
===2018-10-11 10:48:11.947 WARN  org.springframework.boot.autoconfigure.web.reactive.error.DefaultErrorWebExceptionHandler Line:212 - Failed to handle request [GET http://localhost:9000/csrf]: Response status 404
===2018-10-11 10:48:32.224 WARN  org.springframework.boot.autoconfigure.web.reactive.error.DefaultErrorWebExceptionHandler Line:212 - Failed to handle request [GET http://localhost:9000/favicon.ico]: Response status 404
===2018-10-11 10:48:40.981 WARN  org.springframework.boot.autoconfigure.web.reactive.error.DefaultErrorWebExceptionHandler Line:212 - Failed to handle request [GET http://localhost:9000/sales-member/v2/api-docs]: Response status 404
===2018-10-11 10:48:49.444 WARN  com.netflix.config.sources.URLConfigurationSource Line:121 - No URLs will be polled as dynamic configuration sources.
===2018-10-11 10:48:58.638 WARN  com.netflix.config.sources.URLConfigurationSource Line:121 - No URLs will be polled as dynamic configuration sources.
===2018-10-11 10:48:58.962 WARN  com.netflix.config.sources.URLConfigurationSource Line:121 - No URLs will be polled as dynamic configuration sources.
===2018-10-11 10:50:34.669 WARN  com.netflix.config.sources.URLConfigurationSource Line:121 - No URLs will be polled as dynamic configuration sources.
===2018-10-11 10:50:44.633 WARN  com.netflix.config.sources.URLConfigurationSource Line:121 - No URLs will be polled as dynamic configuration sources.
===2018-10-11 10:50:44.915 WARN  com.netflix.config.sources.URLConfigurationSource Line:121 - No URLs will be polled as dynamic configuration sources.
===2018-10-11 10:59:44.575 WARN  org.springframework.boot.autoconfigure.web.reactive.error.DefaultErrorWebExceptionHandler Line:212 - Failed to handle request [GET http://localhost:9000/]: Response status 404
===2018-10-11 10:59:44.599 WARN  org.springframework.boot.autoconfigure.web.reactive.error.DefaultErrorWebExceptionHandler Line:212 - Failed to handle request [GET http://localhost:9000/csrf]: Response status 404
===2018-10-11 11:00:17.118 WARN  org.springframework.boot.autoconfigure.web.reactive.error.DefaultErrorWebExceptionHandler Line:212 - Failed to handle request [GET http://localhost:9000/sales-member/v2/api-docs]: Response status 404
===2018-10-11 11:01:52.922 WARN  com.netflix.config.sources.URLConfigurationSource Line:121 - No URLs will be polled as dynamic configuration sources.
===2018-10-11 11:01:59.714 WARN  com.netflix.config.sources.URLConfigurationSource Line:121 - No URLs will be polled as dynamic configuration sources.
===2018-10-11 11:02:00.005 WARN  com.netflix.config.sources.URLConfigurationSource Line:121 - No URLs will be polled as dynamic configuration sources.
===2018-10-11 11:02:13.686 WARN  org.springframework.boot.autoconfigure.web.reactive.error.DefaultErrorWebExceptionHandler Line:212 - Failed to handle request [GET http://localhost:9000/]: Response status 404
===2018-10-11 11:02:13.700 WARN  org.springframework.boot.autoconfigure.web.reactive.error.DefaultErrorWebExceptionHandler Line:212 - Failed to handle request [GET http://localhost:9000/csrf]: Response status 404
===2018-10-11 11:02:35.741 WARN  com.netflix.config.sources.URLConfigurationSource Line:121 - No URLs will be polled as dynamic configuration sources.
===2018-10-11 11:02:43.924 WARN  com.netflix.config.sources.URLConfigurationSource Line:121 - No URLs will be polled as dynamic configuration sources.
===2018-10-11 11:02:44.209 WARN  com.netflix.config.sources.URLConfigurationSource Line:121 - No URLs will be polled as dynamic configuration sources.
===2018-10-11 11:02:56.117 WARN  org.springframework.boot.autoconfigure.web.reactive.error.DefaultErrorWebExceptionHandler Line:212 - Failed to handle request [GET http://localhost:9000/]: Response status 404
===2018-10-11 11:02:56.131 WARN  org.springframework.boot.autoconfigure.web.reactive.error.DefaultErrorWebExceptionHandler Line:212 - Failed to handle request [GET http://localhost:9000/csrf]: Response status 404
===2018-10-11 11:03:14.286 WARN  com.netflix.config.sources.URLConfigurationSource Line:121 - No URLs will be polled as dynamic configuration sources.
===2018-10-11 11:03:22.117 WARN  com.netflix.config.sources.URLConfigurationSource Line:121 - No URLs will be polled as dynamic configuration sources.
===2018-10-11 11:03:22.415 WARN  com.netflix.config.sources.URLConfigurationSource Line:121 - No URLs will be polled as dynamic configuration sources.
===2018-10-11 11:03:48.405 WARN  org.springframework.boot.autoconfigure.web.reactive.error.DefaultErrorWebExceptionHandler Line:212 - Failed to handle request [GET http://localhost:9000/]: Response status 404
===2018-10-11 11:03:48.422 WARN  org.springframework.boot.autoconfigure.web.reactive.error.DefaultErrorWebExceptionHandler Line:212 - Failed to handle request [GET http://localhost:9000/csrf]: Response status 404
===2018-10-11 11:05:19.383 WARN  com.netflix.config.sources.URLConfigurationSource Line:121 - No URLs will be polled as dynamic configuration sources.
===2018-10-11 11:05:26.559 WARN  com.netflix.config.sources.URLConfigurationSource Line:121 - No URLs will be polled as dynamic configuration sources.
===2018-10-11 11:05:26.849 WARN  com.netflix.config.sources.URLConfigurationSource Line:121 - No URLs will be polled as dynamic configuration sources.
===2018-10-11 11:05:31.764 WARN  org.springframework.boot.autoconfigure.web.reactive.error.DefaultErrorWebExceptionHandler Line:212 - Failed to handle request [GET http://localhost:9000/]: Response status 404
===2018-10-11 11:05:31.779 WARN  org.springframework.boot.autoconfigure.web.reactive.error.DefaultErrorWebExceptionHandler Line:212 - Failed to handle request [GET http://localhost:9000/csrf]: Response status 404
===2018-10-11 11:05:40.791 WARN  com.netflix.config.sources.URLConfigurationSource Line:121 - No URLs will be polled as dynamic configuration sources.
===2018-10-11 11:05:54.104 WARN  com.netflix.config.sources.URLConfigurationSource Line:121 - No URLs will be polled as dynamic configuration sources.
===2018-10-11 11:05:54.385 WARN  com.netflix.config.sources.URLConfigurationSource Line:121 - No URLs will be polled as dynamic configuration sources.
===2018-10-11 11:06:04.593 WARN  org.springframework.boot.autoconfigure.web.reactive.error.DefaultErrorWebExceptionHandler Line:212 - Failed to handle request [GET http://localhost:9000/]: Response status 404
===2018-10-11 11:06:04.609 WARN  org.springframework.boot.autoconfigure.web.reactive.error.DefaultErrorWebExceptionHandler Line:212 - Failed to handle request [GET http://localhost:9000/csrf]: Response status 404
===2018-10-11 11:06:16.155 WARN  org.springframework.boot.autoconfigure.web.reactive.error.DefaultErrorWebExceptionHandler Line:212 - Failed to handle request [GET http://localhost:9000/]: Response status 404
===2018-10-11 11:06:16.170 WARN  org.springframework.boot.autoconfigure.web.reactive.error.DefaultErrorWebExceptionHandler Line:212 - Failed to handle request [GET http://localhost:9000/csrf]: Response status 404
===2018-10-11 11:07:23.123 WARN  org.springframework.boot.autoconfigure.web.reactive.error.DefaultErrorWebExceptionHandler Line:212 - Failed to handle request [GET http://localhost:9000/]: Response status 404
===2018-10-11 11:07:23.137 WARN  org.springframework.boot.autoconfigure.web.reactive.error.DefaultErrorWebExceptionHandler Line:212 - Failed to handle request [GET http://localhost:9000/csrf]: Response status 404
===2018-10-11 11:07:29.165 WARN  com.netflix.config.sources.URLConfigurationSource Line:121 - No URLs will be polled as dynamic configuration sources.
===2018-10-11 11:07:39.673 WARN  com.netflix.config.sources.URLConfigurationSource Line:121 - No URLs will be polled as dynamic configuration sources.
===2018-10-11 11:07:39.958 WARN  com.netflix.config.sources.URLConfigurationSource Line:121 - No URLs will be polled as dynamic configuration sources.
===2018-10-11 11:07:47.430 WARN  org.springframework.boot.autoconfigure.web.reactive.error.DefaultErrorWebExceptionHandler Line:212 - Failed to handle request [GET http://localhost:9000/]: Response status 404
===2018-10-11 11:07:47.444 WARN  org.springframework.boot.autoconfigure.web.reactive.error.DefaultErrorWebExceptionHandler Line:212 - Failed to handle request [GET http://localhost:9000/csrf]: Response status 404
===2018-10-11 11:11:45.784 WARN  com.netflix.config.sources.URLConfigurationSource Line:121 - No URLs will be polled as dynamic configuration sources.
===2018-10-11 11:11:52.043 WARN  com.netflix.config.sources.URLConfigurationSource Line:121 - No URLs will be polled as dynamic configuration sources.
===2018-10-11 11:11:52.327 WARN  com.netflix.config.sources.URLConfigurationSource Line:121 - No URLs will be polled as dynamic configuration sources.
===2018-10-11 11:12:00.178 WARN  org.springframework.boot.autoconfigure.web.reactive.error.DefaultErrorWebExceptionHandler Line:212 - Failed to handle request [GET http://localhost:9000/]: Response status 404
===2018-10-11 11:12:00.193 WARN  org.springframework.boot.autoconfigure.web.reactive.error.DefaultErrorWebExceptionHandler Line:212 - Failed to handle request [GET http://localhost:9000/csrf]: Response status 404
===2018-10-11 11:12:12.692 WARN  com.netflix.config.sources.URLConfigurationSource Line:121 - No URLs will be polled as dynamic configuration sources.
===2018-10-11 11:12:18.683 WARN  com.netflix.config.sources.URLConfigurationSource Line:121 - No URLs will be polled as dynamic configuration sources.
===2018-10-11 11:12:18.971 WARN  com.netflix.config.sources.URLConfigurationSource Line:121 - No URLs will be polled as dynamic configuration sources.
===2018-10-11 11:12:30.343 WARN  org.springframework.boot.autoconfigure.web.reactive.error.DefaultErrorWebExceptionHandler Line:212 - Failed to handle request [GET http://localhost:9000/]: Response status 404
===2018-10-11 11:12:30.358 WARN  org.springframework.boot.autoconfigure.web.reactive.error.DefaultErrorWebExceptionHandler Line:212 - Failed to handle request [GET http://localhost:9000/csrf]: Response status 404
===2018-10-11 11:12:32.222 WARN  org.springframework.boot.autoconfigure.web.reactive.error.DefaultErrorWebExceptionHandler Line:212 - Failed to handle request [GET http://localhost:9000/]: Response status 404
===2018-10-11 11:12:32.236 WARN  org.springframework.boot.autoconfigure.web.reactive.error.DefaultErrorWebExceptionHandler Line:212 - Failed to handle request [GET http://localhost:9000/csrf]: Response status 404
===2018-10-11 11:33:10.293 WARN  com.netflix.config.sources.URLConfigurationSource Line:121 - No URLs will be polled as dynamic configuration sources.
===2018-10-11 11:33:51.560 WARN  com.netflix.config.sources.URLConfigurationSource Line:121 - No URLs will be polled as dynamic configuration sources.
===2018-10-11 11:33:51.874 WARN  com.netflix.config.sources.URLConfigurationSource Line:121 - No URLs will be polled as dynamic configuration sources.
===2018-10-11 11:33:58.491 WARN  org.springframework.boot.autoconfigure.web.reactive.error.DefaultErrorWebExceptionHandler Line:212 - Failed to handle request [GET http://localhost:9000/]: Response status 404
===2018-10-11 11:33:58.505 WARN  org.springframework.boot.autoconfigure.web.reactive.error.DefaultErrorWebExceptionHandler Line:212 - Failed to handle request [GET http://localhost:9000/csrf]: Response status 404
===2018-10-11 11:34:40.752 WARN  org.springframework.boot.autoconfigure.web.reactive.error.DefaultErrorWebExceptionHandler Line:212 - Failed to handle request [GET http://localhost:9000/]: Response status 404
===2018-10-11 11:34:40.773 WARN  org.springframework.boot.autoconfigure.web.reactive.error.DefaultErrorWebExceptionHandler Line:212 - Failed to handle request [GET http://localhost:9000/csrf]: Response status 404
===2018-10-11 11:35:11.823 WARN  org.springframework.boot.autoconfigure.web.reactive.error.DefaultErrorWebExceptionHandler Line:212 - Failed to handle request [GET http://localhost:9000/]: Response status 404
===2018-10-11 11:35:11.839 WARN  org.springframework.boot.autoconfigure.web.reactive.error.DefaultErrorWebExceptionHandler Line:212 - Failed to handle request [GET http://localhost:9000/csrf]: Response status 404
===2018-10-11 11:35:56.192 WARN  com.netflix.config.sources.URLConfigurationSource Line:121 - No URLs will be polled as dynamic configuration sources.
===2018-10-11 11:36:05.772 WARN  com.netflix.config.sources.URLConfigurationSource Line:121 - No URLs will be polled as dynamic configuration sources.
===2018-10-11 11:36:06.114 WARN  com.netflix.config.sources.URLConfigurationSource Line:121 - No URLs will be polled as dynamic configuration sources.
===2018-10-11 11:36:13.373 WARN  org.springframework.boot.autoconfigure.web.reactive.error.DefaultErrorWebExceptionHandler Line:212 - Failed to handle request [GET http://localhost:9000/]: Response status 404
===2018-10-11 11:36:13.389 WARN  org.springframework.boot.autoconfigure.web.reactive.error.DefaultErrorWebExceptionHandler Line:212 - Failed to handle request [GET http://localhost:9000/csrf]: Response status 404
===2018-10-11 11:36:17.022 WARN  org.springframework.boot.autoconfigure.web.reactive.error.DefaultErrorWebExceptionHandler Line:212 - Failed to handle request [GET http://localhost:9000/]: Response status 404
===2018-10-11 11:36:17.149 WARN  org.springframework.boot.autoconfigure.web.reactive.error.DefaultErrorWebExceptionHandler Line:212 - Failed to handle request [GET http://localhost:9000/csrf]: Response status 404
===2018-10-11 14:02:07.171 WARN  com.netflix.config.sources.URLConfigurationSource Line:121 - No URLs will be polled as dynamic configuration sources.
